ERROR - 2026-07-21 07:48:52 --> table tranches_frais has no column named actif
in SYSTEMPATH/Database/SQLite3/Connection.php on line 163.
 1 SYSTEMPATH/Database/SQLite3/Connection.php(163): SQLite3->exec('INSERT INTO `tranches_frais` (`type_operation_id`, `montant_min`, `montant_max`, `frais`, `actif`) VALUES (\'3\', \'10\', \'20\', \'5\', 1)')
 2 SYSTEMPATH/Database/BaseConnection.php(910): CodeIgniter\Database\SQLite3\Connection->execute('INSERT INTO `tranches_frais` (`type_operation_id`, `montant_min`, `montant_max`, `frais`, `actif`) VALUES (\'3\', \'10\', \'20\', \'5\', 1)')
 3 SYSTEMPATH/Database/BaseConnection.php(827): CodeIgniter\Database\BaseConnection->simpleQuery('INSERT INTO `tranches_frais` (`type_operation_id`, `montant_min`, `montant_max`, `frais`, `actif`) VALUES (\'3\', \'10\', \'20\', \'5\', 1)')
 4 SYSTEMPATH/Database/BaseBuilder.php(2345): CodeIgniter\Database\BaseConnection->query('INSERT INTO `tranches_frais` (`type_operation_id`, `montant_min`, `montant_max`, `frais`, `actif`) VALUES (:type_operation_id:, :montant_min:, :montant_max:, :frais:, :actif:)', [...], false)
 5 SYSTEMPATH/Model.php(355): CodeIgniter\Database\BaseBuilder->insert()
 6 SYSTEMPATH/BaseModel.php(899): CodeIgniter\Model->doInsert([...])
 7 SYSTEMPATH/Model.php(668): CodeIgniter\BaseModel->insert([...], false)
 8 SYSTEMPATH/BaseModel.php(752): CodeIgniter\Model->insert([...], false)
 9 APPPATH/Controllers/Operateur.php(82): CodeIgniter\BaseModel->save([...])
10 SYSTEMPATH/CodeIgniter.php(951): App\Controllers\Operateur->ajouterTranche()
11 SYSTEMPATH/CodeIgniter.php(497): CodeIgniter\CodeIgniter->runController(Object(App\Controllers\Operateur))
12 SYSTEMPATH/CodeIgniter.php(340): CodeIgniter\CodeIgniter->handleRequest(null, Object(Config\Cache), false)
13 SYSTEMPATH/Boot.php(417): CodeIgniter\CodeIgniter->run()
14 SYSTEMPATH/Boot.php(68): CodeIgniter\Boot::runCodeIgniter(Object(CodeIgniter\CodeIgniter))
15 FCPATH/index.php(59): CodeIgniter\Boot::bootWeb(Object(Config\Paths))
16 SYSTEMPATH/rewrite.php(44): require_once('/home/itu/Documents/4289_4389/public/index.php')
CRITICAL - 2026-07-21 07:48:52 --> CodeIgniter\Database\Exceptions\DatabaseException: table tranches_frais has no column named actif
[Method: POST, Route: operateur/operations/ajouter]
in SYSTEMPATH/Database/BaseConnection.php on line 865.
 1 SYSTEMPATH/Database/BaseBuilder.php(2345): CodeIgniter\Database\BaseConnection->query('INSERT INTO `tranches_frais` (`type_operation_id`, `montant_min`, `montant_max`, `frais`, `actif`) VALUES (:type_operation_id:, :montant_min:, :montant_max:, :frais:, :actif:)', [...], false)
 2 SYSTEMPATH/Model.php(355): CodeIgniter\Database\BaseBuilder->insert()
 3 SYSTEMPATH/BaseModel.php(899): CodeIgniter\Model->doInsert([...])
 4 SYSTEMPATH/Model.php(668): CodeIgniter\BaseModel->insert([...], false)
 5 SYSTEMPATH/BaseModel.php(752): CodeIgniter\Model->insert([...], false)
 6 APPPATH/Controllers/Operateur.php(82): CodeIgniter\BaseModel->save([...])
 7 SYSTEMPATH/CodeIgniter.php(951): App\Controllers\Operateur->ajouterTranche()
 8 SYSTEMPATH/CodeIgniter.php(497): CodeIgniter\CodeIgniter->runController(Object(App\Controllers\Operateur))
 9 SYSTEMPATH/CodeIgniter.php(340): CodeIgniter\CodeIgniter->handleRequest(null, Object(Config\Cache), false)
10 SYSTEMPATH/Boot.php(417): CodeIgniter\CodeIgniter->run()
11 SYSTEMPATH/Boot.php(68): CodeIgniter\Boot::runCodeIgniter(Object(CodeIgniter\CodeIgniter))
12 FCPATH/index.php(59): CodeIgniter\Boot::bootWeb(Object(Config\Paths))
13 SYSTEMPATH/rewrite.php(44): require_once('/home/itu/Documents/4289_4389/public/index.php')
CRITICAL - 2026-07-21 07:48:52 --> [Caused by] CodeIgniter\Database\Exceptions\DatabaseException: table tranches_frais has no column named actif
in SYSTEMPATH/Database/SQLite3/Connection.php on line 174.
 1 SYSTEMPATH/Database/BaseConnection.php(910): CodeIgniter\Database\SQLite3\Connection->execute('INSERT INTO `tranches_frais` (`type_operation_id`, `montant_min`, `montant_max`, `frais`, `actif`) VALUES (\'3\', \'10\', \'20\', \'5\', 1)')
 2 SYSTEMPATH/Database/BaseConnection.php(827): CodeIgniter\Database\BaseConnection->simpleQuery('INSERT INTO `tranches_frais` (`type_operation_id`, `montant_min`, `montant_max`, `frais`, `actif`) VALUES (\'3\', \'10\', \'20\', \'5\', 1)')
 3 SYSTEMPATH/Database/BaseBuilder.php(2345): CodeIgniter\Database\BaseConnection->query('INSERT INTO `tranches_frais` (`type_operation_id`, `montant_min`, `montant_max`, `frais`, `actif`) VALUES (:type_operation_id:, :montant_min:, :montant_max:, :frais:, :actif:)', [...], false)
 4 SYSTEMPATH/Model.php(355): CodeIgniter\Database\BaseBuilder->insert()
 5 SYSTEMPATH/BaseModel.php(899): CodeIgniter\Model->doInsert([...])
 6 SYSTEMPATH/Model.php(668): CodeIgniter\BaseModel->insert([...], false)
 7 SYSTEMPATH/BaseModel.php(752): CodeIgniter\Model->insert([...], false)
 8 APPPATH/Controllers/Operateur.php(82): CodeIgniter\BaseModel->save([...])
 9 SYSTEMPATH/CodeIgniter.php(951): App\Controllers\Operateur->ajouterTranche()
10 SYSTEMPATH/CodeIgniter.php(497): CodeIgniter\CodeIgniter->runController(Object(App\Controllers\Operateur))
11 SYSTEMPATH/CodeIgniter.php(340): CodeIgniter\CodeIgniter->handleRequest(null, Object(Config\Cache), false)
12 SYSTEMPATH/Boot.php(417): CodeIgniter\CodeIgniter->run()
13 SYSTEMPATH/Boot.php(68): CodeIgniter\Boot::runCodeIgniter(Object(CodeIgniter\CodeIgniter))
14 FCPATH/index.php(59): CodeIgniter\Boot::bootWeb(Object(Config\Paths))
15 SYSTEMPATH/rewrite.php(44): require_once('/home/itu/Documents/4289_4389/public/index.php')
CRITICAL - 2026-07-21 07:48:52 --> [Caused by] Exception: table tranches_frais has no column named actif
in SYSTEMPATH/Database/SQLite3/Connection.php on line 163.
 1 SYSTEMPATH/Database/SQLite3/Connection.php(163): SQLite3->exec('INSERT INTO `tranches_frais` (`type_operation_id`, `montant_min`, `montant_max`, `frais`, `actif`) VALUES (\'3\', \'10\', \'20\', \'5\', 1)')
 2 SYSTEMPATH/Database/BaseConnection.php(910): CodeIgniter\Database\SQLite3\Connection->execute('INSERT INTO `tranches_frais` (`type_operation_id`, `montant_min`, `montant_max`, `frais`, `actif`) VALUES (\'3\', \'10\', \'20\', \'5\', 1)')
 3 SYSTEMPATH/Database/BaseConnection.php(827): CodeIgniter\Database\BaseConnection->simpleQuery('INSERT INTO `tranches_frais` (`type_operation_id`, `montant_min`, `montant_max`, `frais`, `actif`) VALUES (\'3\', \'10\', \'20\', \'5\', 1)')
 4 SYSTEMPATH/Database/BaseBuilder.php(2345): CodeIgniter\Database\BaseConnection->query('INSERT INTO `tranches_frais` (`type_operation_id`, `montant_min`, `montant_max`, `frais`, `actif`) VALUES (:type_operation_id:, :montant_min:, :montant_max:, :frais:, :actif:)', [...], false)
 5 SYSTEMPATH/Model.php(355): CodeIgniter\Database\BaseBuilder->insert()
 6 SYSTEMPATH/BaseModel.php(899): CodeIgniter\Model->doInsert([...])
 7 SYSTEMPATH/Model.php(668): CodeIgniter\BaseModel->insert([...], false)
 8 SYSTEMPATH/BaseModel.php(752): CodeIgniter\Model->insert([...], false)
 9 APPPATH/Controllers/Operateur.php(82): CodeIgniter\BaseModel->save([...])
10 SYSTEMPATH/CodeIgniter.php(951): App\Controllers\Operateur->ajouterTranche()
11 SYSTEMPATH/CodeIgniter.php(497): CodeIgniter\CodeIgniter->runController(Object(App\Controllers\Operateur))
12 SYSTEMPATH/CodeIgniter.php(340): CodeIgniter\CodeIgniter->handleRequest(null, Object(Config\Cache), false)
13 SYSTEMPATH/Boot.php(417): CodeIgniter\CodeIgniter->run()
14 SYSTEMPATH/Boot.php(68): CodeIgniter\Boot::runCodeIgniter(Object(CodeIgniter\CodeIgniter))
15 FCPATH/index.php(59): CodeIgniter\Boot::bootWeb(Object(Config\Paths))
16 SYSTEMPATH/rewrite.php(44): require_once('/home/itu/Documents/4289_4389/public/index.php')
CRITICAL - 2026-07-21 10:04:40 --> ParseError: syntax error, unexpected token ";"
[Method: GET, Route: operateur/clients]
in APPPATH/Views/admin/clients.php on line 39.
 1 SYSTEMPATH/View/View.php(243): CodeIgniter\View\View->CodeIgniter\View\{closure}()
 2 SYSTEMPATH/Common.php(1250): CodeIgniter\View\View->render()
 3 APPPATH/Controllers/Operateur.php(146): view()
 4 SYSTEMPATH/CodeIgniter.php(951): App\Controllers\Operateur->clients()
 5 SYSTEMPATH/CodeIgniter.php(497): CodeIgniter\CodeIgniter->runController()
 6 SYSTEMPATH/CodeIgniter.php(340): CodeIgniter\CodeIgniter->handleRequest()
 7 SYSTEMPATH/Boot.php(417): CodeIgniter\CodeIgniter->run()
 8 SYSTEMPATH/Boot.php(68): CodeIgniter\Boot::runCodeIgniter()
 9 FCPATH/index.php(59): CodeIgniter\Boot::bootWeb()
10 SYSTEMPATH/rewrite.php(44): require_once('/home/itu/Documents/Mr Rojo/4289_4389/public/index.php')
CRITICAL - 2026-07-21 10:04:43 --> ParseError: syntax error, unexpected token ";"
[Method: GET, Route: operateur/clients]
in APPPATH/Views/admin/clients.php on line 39.
 1 SYSTEMPATH/View/View.php(243): CodeIgniter\View\View->CodeIgniter\View\{closure}()
 2 SYSTEMPATH/Common.php(1250): CodeIgniter\View\View->render()
 3 APPPATH/Controllers/Operateur.php(146): view()
 4 SYSTEMPATH/CodeIgniter.php(951): App\Controllers\Operateur->clients()
 5 SYSTEMPATH/CodeIgniter.php(497): CodeIgniter\CodeIgniter->runController()
 6 SYSTEMPATH/CodeIgniter.php(340): CodeIgniter\CodeIgniter->handleRequest()
 7 SYSTEMPATH/Boot.php(417): CodeIgniter\CodeIgniter->run()
 8 SYSTEMPATH/Boot.php(68): CodeIgniter\Boot::runCodeIgniter()
 9 FCPATH/index.php(59): CodeIgniter\Boot::bootWeb()
10 SYSTEMPATH/rewrite.php(44): require_once('/home/itu/Documents/Mr Rojo/4289_4389/public/index.php')
CRITICAL - 2026-07-21 10:06:57 --> ErrorException: Undefined array key "Epargne"
[Method: GET, Route: operateur/clients]
in APPPATH/Views/admin/clients.php on line 39.
 1 APPPATH/Views/admin/clients.php(39): CodeIgniter\Debug\Exceptions->errorHandler()
 2 SYSTEMPATH/View/View.php(240): include('/home/itu/Documents/Mr Rojo/4289_4389/app/Views/admin/clients.php')
 3 SYSTEMPATH/View/View.php(243): CodeIgniter\View\View->CodeIgniter\View\{closure}()
 4 SYSTEMPATH/Common.php(1250): CodeIgniter\View\View->render()
 5 APPPATH/Controllers/Operateur.php(146): view()
 6 SYSTEMPATH/CodeIgniter.php(951): App\Controllers\Operateur->clients()
 7 SYSTEMPATH/CodeIgniter.php(497): CodeIgniter\CodeIgniter->runController()
 8 SYSTEMPATH/CodeIgniter.php(340): CodeIgniter\CodeIgniter->handleRequest()
 9 SYSTEMPATH/Boot.php(417): CodeIgniter\CodeIgniter->run()
10 SYSTEMPATH/Boot.php(68): CodeIgniter\Boot::runCodeIgniter()
11 FCPATH/index.php(59): CodeIgniter\Boot::bootWeb()
12 SYSTEMPATH/rewrite.php(44): require_once('/home/itu/Documents/Mr Rojo/4289_4389/public/index.php')
CRITICAL - 2026-07-21 10:30:09 --> ErrorException: Undefined array key "epargne"
[Method: POST, Route: client/add]
in APPPATH/Views/client/home.php on line 54.
 1 APPPATH/Views/client/home.php(54): CodeIgniter\Debug\Exceptions->errorHandler()
 2 SYSTEMPATH/View/View.php(240): include('/home/itu/Documents/Mr Rojo/4289_4389/app/Views/client/home.php')
 3 SYSTEMPATH/View/View.php(243): CodeIgniter\View\View->CodeIgniter\View\{closure}()
 4 SYSTEMPATH/Common.php(1250): CodeIgniter\View\View->render()
 5 APPPATH/Controllers/MobileController.php(36): view()
 6 SYSTEMPATH/CodeIgniter.php(951): App\Controllers\MobileController->add_compte()
 7 SYSTEMPATH/CodeIgniter.php(497): CodeIgniter\CodeIgniter->runController()
 8 SYSTEMPATH/CodeIgniter.php(340): CodeIgniter\CodeIgniter->handleRequest()
 9 SYSTEMPATH/Boot.php(417): CodeIgniter\CodeIgniter->run()
10 SYSTEMPATH/Boot.php(68): CodeIgniter\Boot::runCodeIgniter()
11 FCPATH/index.php(59): CodeIgniter\Boot::bootWeb()
12 SYSTEMPATH/rewrite.php(44): require_once('/home/itu/Documents/Mr Rojo/4289_4389/public/index.php')
CRITICAL - 2026-07-21 10:30:36 --> ErrorException: Undefined array key "epargne"
[Method: POST, Route: client/add]
in APPPATH/Views/client/home.php on line 54.
 1 APPPATH/Views/client/home.php(54): CodeIgniter\Debug\Exceptions->errorHandler()
 2 SYSTEMPATH/View/View.php(240): include('/home/itu/Documents/Mr Rojo/4289_4389/app/Views/client/home.php')
 3 SYSTEMPATH/View/View.php(243): CodeIgniter\View\View->CodeIgniter\View\{closure}()
 4 SYSTEMPATH/Common.php(1250): CodeIgniter\View\View->render()
 5 APPPATH/Controllers/MobileController.php(46): view()
 6 SYSTEMPATH/CodeIgniter.php(951): App\Controllers\MobileController->add_compte()
 7 SYSTEMPATH/CodeIgniter.php(497): CodeIgniter\CodeIgniter->runController()
 8 SYSTEMPATH/CodeIgniter.php(340): CodeIgniter\CodeIgniter->handleRequest()
 9 SYSTEMPATH/Boot.php(417): CodeIgniter\CodeIgniter->run()
10 SYSTEMPATH/Boot.php(68): CodeIgniter\Boot::runCodeIgniter()
11 FCPATH/index.php(59): CodeIgniter\Boot::bootWeb()
12 SYSTEMPATH/rewrite.php(44): require_once('/home/itu/Documents/Mr Rojo/4289_4389/public/index.php')
CRITICAL - 2026-07-21 10:30:39 --> ErrorException: Undefined array key "epargne"
[Method: POST, Route: client/add]
in APPPATH/Views/client/home.php on line 54.
 1 APPPATH/Views/client/home.php(54): CodeIgniter\Debug\Exceptions->errorHandler()
 2 SYSTEMPATH/View/View.php(240): include('/home/itu/Documents/Mr Rojo/4289_4389/app/Views/client/home.php')
 3 SYSTEMPATH/View/View.php(243): CodeIgniter\View\View->CodeIgniter\View\{closure}()
 4 SYSTEMPATH/Common.php(1250): CodeIgniter\View\View->render()
 5 APPPATH/Controllers/MobileController.php(46): view()
 6 SYSTEMPATH/CodeIgniter.php(951): App\Controllers\MobileController->add_compte()
 7 SYSTEMPATH/CodeIgniter.php(497): CodeIgniter\CodeIgniter->runController()
 8 SYSTEMPATH/CodeIgniter.php(340): CodeIgniter\CodeIgniter->handleRequest()
 9 SYSTEMPATH/Boot.php(417): CodeIgniter\CodeIgniter->run()
10 SYSTEMPATH/Boot.php(68): CodeIgniter\Boot::runCodeIgniter()
11 FCPATH/index.php(59): CodeIgniter\Boot::bootWeb()
12 SYSTEMPATH/rewrite.php(44): require_once('/home/itu/Documents/Mr Rojo/4289_4389/public/index.php')
CRITICAL - 2026-07-21 10:33:30 --> ErrorException: Undefined array key "epargne"
[Method: POST, Route: client/add]
in APPPATH/Views/client/home.php on line 54.
 1 APPPATH/Views/client/home.php(54): CodeIgniter\Debug\Exceptions->errorHandler()
 2 SYSTEMPATH/View/View.php(240): include('/home/itu/Documents/Mr Rojo/4289_4389/app/Views/client/home.php')
 3 SYSTEMPATH/View/View.php(243): CodeIgniter\View\View->CodeIgniter\View\{closure}()
 4 SYSTEMPATH/Common.php(1250): CodeIgniter\View\View->render()
 5 APPPATH/Controllers/MobileController.php(46): view()
 6 SYSTEMPATH/CodeIgniter.php(951): App\Controllers\MobileController->add_compte()
 7 SYSTEMPATH/CodeIgniter.php(497): CodeIgniter\CodeIgniter->runController()
 8 SYSTEMPATH/CodeIgniter.php(340): CodeIgniter\CodeIgniter->handleRequest()
 9 SYSTEMPATH/Boot.php(417): CodeIgniter\CodeIgniter->run()
10 SYSTEMPATH/Boot.php(68): CodeIgniter\Boot::runCodeIgniter()
11 FCPATH/index.php(59): CodeIgniter\Boot::bootWeb()
12 SYSTEMPATH/rewrite.php(44): require_once('/home/itu/Documents/Mr Rojo/4289_4389/public/index.php')
CRITICAL - 2026-07-21 10:33:47 --> ErrorException: Undefined array key "epargne"
[Method: POST, Route: client/add]
in APPPATH/Views/client/home.php on line 54.
 1 APPPATH/Views/client/home.php(54): CodeIgniter\Debug\Exceptions->errorHandler()
 2 SYSTEMPATH/View/View.php(240): include('/home/itu/Documents/Mr Rojo/4289_4389/app/Views/client/home.php')
 3 SYSTEMPATH/View/View.php(243): CodeIgniter\View\View->CodeIgniter\View\{closure}()
 4 SYSTEMPATH/Common.php(1250): CodeIgniter\View\View->render()
 5 APPPATH/Controllers/MobileController.php(46): view()
 6 SYSTEMPATH/CodeIgniter.php(951): App\Controllers\MobileController->add_compte()
 7 SYSTEMPATH/CodeIgniter.php(497): CodeIgniter\CodeIgniter->runController()
 8 SYSTEMPATH/CodeIgniter.php(340): CodeIgniter\CodeIgniter->handleRequest()
 9 SYSTEMPATH/Boot.php(417): CodeIgniter\CodeIgniter->run()
10 SYSTEMPATH/Boot.php(68): CodeIgniter\Boot::runCodeIgniter()
11 FCPATH/index.php(59): CodeIgniter\Boot::bootWeb()
12 SYSTEMPATH/rewrite.php(44): require_once('/home/itu/Documents/Mr Rojo/4289_4389/public/index.php')
CRITICAL - 2026-07-21 10:35:41 --> ErrorException: Undefined array key "epargne"
[Method: POST, Route: client/add]
in APPPATH/Views/client/home.php on line 54.
 1 APPPATH/Views/client/home.php(54): CodeIgniter\Debug\Exceptions->errorHandler()
 2 SYSTEMPATH/View/View.php(240): include('/home/itu/Documents/Mr Rojo/4289_4389/app/Views/client/home.php')
 3 SYSTEMPATH/View/View.php(243): CodeIgniter\View\View->CodeIgniter\View\{closure}()
 4 SYSTEMPATH/Common.php(1250): CodeIgniter\View\View->render()
 5 APPPATH/Controllers/MobileController.php(46): view()
 6 SYSTEMPATH/CodeIgniter.php(951): App\Controllers\MobileController->add_compte()
 7 SYSTEMPATH/CodeIgniter.php(497): CodeIgniter\CodeIgniter->runController()
 8 SYSTEMPATH/CodeIgniter.php(340): CodeIgniter\CodeIgniter->handleRequest()
 9 SYSTEMPATH/Boot.php(417): CodeIgniter\CodeIgniter->run()
10 SYSTEMPATH/Boot.php(68): CodeIgniter\Boot::runCodeIgniter()
11 FCPATH/index.php(59): CodeIgniter\Boot::bootWeb()
12 SYSTEMPATH/rewrite.php(44): require_once('/home/itu/Documents/Mr Rojo/4289_4389/public/index.php')
